This file contains any messages produced by compilers while
running configure, to aid debugging if configure makes a mistake.

It was created by Readline-- configure 2.0.9, which was
generated by GNU Autoconf 2.68.  Invocation command line was

  $ ./configure --no-create --no-recursion

## --------- ##
## Platform. ##
## --------- ##

hostname = nibbio
uname -m = i686
uname -r = 3.0.0-12-generic
uname -s = Linux
uname -v = #20-Ubuntu SMP Fri Oct 7 14:50:42 UTC 2011

/usr/bin/uname -p = unknown
/bin/uname -X     = unknown

/bin/arch              = unknown
/usr/bin/arch -k       = unknown
/usr/convex/getsysinfo = unknown
/usr/bin/hostinfo      = unknown
/bin/machine           = unknown
/usr/bin/oslevel       = unknown
/bin/universe          = unknown

PATH: /usr/local/eclipse
PATH: /usr/local/heasoft-6.11/i686-pc-linux-gnu-libc2.13-0/bin
PATH: /usr/local/root/bin
PATH: /home/francesco/bin
PATH: /usr/local/eclipse
PATH: /home/francesco/bin
PATH: /usr/local/bin
PATH: /usr/bin
PATH: /bin
PATH: /usr/games
PATH: /home/francesco/bin
PATH: /usr/lib/qt4/bin
PATH: /usr/local/root/bin
PATH: /usr/X11R6/bin
PATH: /opt/kde3/bin


## ----------- ##
## Core tests. ##
## ----------- ##

configure:2288: checking for a BSD-compatible install
configure:2356: result: /usr/bin/install -c
configure:2367: checking whether build environment is sane
configure:2417: result: yes
configure:2558: checking for a thread-safe mkdir -p
configure:2597: result: /bin/mkdir -p
configure:2610: checking for gawk
configure:2626: found /usr/bin/gawk
configure:2637: result: gawk
configure:2648: checking whether make sets $(MAKE)
configure:2670: result: yes
configure:2801: checking for gcc
configure:2817: found /usr/bin/gcc
configure:2828: result: gcc
configure:3057: checking for C compiler version
configure:3066: gcc --version >&5
gcc (Ubuntu/Linaro 4.6.1-9ubuntu3) 4.6.1
Copyright (C) 2011 Free Software Foundation, Inc.
This is free software; see the source for copying conditions.  There is NO
warranty; not even for MERCHANTABILITY or FITNESS FOR A PARTICULAR PURPOSE.

configure:3077: $? = 0
configure:3066: gcc -v >&5
Using built-in specs.
COLLECT_GCC=gcc
COLLECT_LTO_WRAPPER=/usr/lib/gcc/i686-linux-gnu/4.6.1/lto-wrapper
Target: i686-linux-gnu
Configured with: ../src/configure -v --with-pkgversion='Ubuntu/Linaro 4.6.1-9ubuntu3' --with-bugurl=file:///usr/share/doc/gcc-4.6/README.Bugs --enable-languages=c,c++,fortran,objc,obj-c++,go --prefix=/usr --program-suffix=-4.6 --enable-shared --enable-linker-build-id --with-system-zlib --libexecdir=/usr/lib --without-included-gettext --enable-threads=posix --with-gxx-include-dir=/usr/include/c++/4.6 --libdir=/usr/lib --enable-nls --with-sysroot=/ --enable-clocale=gnu --enable-libstdcxx-debug --enable-libstdcxx-time=yes --enable-plugin --enable-objc-gc --enable-targets=all --disable-werror --with-arch-32=i686 --with-tune=generic --enable-checking=release --build=i686-linux-gnu --host=i686-linux-gnu --target=i686-linux-gnu
Thread model: posix
gcc version 4.6.1 (Ubuntu/Linaro 4.6.1-9ubuntu3) 
configure:3077: $? = 0
configure:3066: gcc -V >&5
gcc: error: unrecognized option '-V'
gcc: fatal error: no input files
compilation terminated.
configure:3077: $? = 4
configure:3066: gcc -qversion >&5
gcc: error: unrecognized option '-qversion'
gcc: fatal error: no input files
compilation terminated.
configure:3077: $? = 4
configure:3097: checking whether the C compiler works
configure:3119: gcc    conftest.c  >&5
configure:3123: $? = 0
configure:3171: result: yes
configure:3174: checking for C compiler default output file name
configure:3176: result: a.out
configure:3182: checking for suffix of executables
configure:3189: gcc -o conftest    conftest.c  >&5
configure:3193: $? = 0
configure:3215: result: 
configure:3237: checking whether we are cross compiling
configure:3245: gcc -o conftest    conftest.c  >&5
configure:3249: $? = 0
configure:3256: ./conftest
configure:3260: $? = 0
configure:3275: result: no
configure:3280: checking for suffix of object files
configure:3302: gcc -c   conftest.c >&5
configure:3306: $? = 0
configure:3327: result: o
configure:3331: checking whether we are using the GNU C compiler
configure:3350: gcc -c   conftest.c >&5
configure:3350: $? = 0
configure:3359: result: yes
configure:3368: checking whether gcc accepts -g
configure:3388: gcc -c -g  conftest.c >&5
configure:3388: $? = 0
configure:3429: result: yes
configure:3446: checking for gcc option to accept ISO C89
configure:3510: gcc  -c -g -O2  conftest.c >&5
configure:3510: $? = 0
configure:3523: result: none needed
configure:3554: checking for style of include used by make
configure:3582: result: GNU
configure:3607: checking dependency style of gcc
configure:3717: result: gcc3
configure:3790: checking for g++
configure:3806: found /usr/bin/g++
configure:3817: result: g++
configure:3844: checking for C++ compiler version
configure:3853: g++ --version >&5
g++ (Ubuntu/Linaro 4.6.1-9ubuntu3) 4.6.1
Copyright (C) 2011 Free Software Foundation, Inc.
This is free software; see the source for copying conditions.  There is NO
warranty; not even for MERCHANTABILITY or FITNESS FOR A PARTICULAR PURPOSE.

configure:3864: $? = 0
configure:3853: g++ -v >&5
Using built-in specs.
COLLECT_GCC=g++
COLLECT_LTO_WRAPPER=/usr/lib/gcc/i686-linux-gnu/4.6.1/lto-wrapper
Target: i686-linux-gnu
Configured with: ../src/configure -v --with-pkgversion='Ubuntu/Linaro 4.6.1-9ubuntu3' --with-bugurl=file:///usr/share/doc/gcc-4.6/README.Bugs --enable-languages=c,c++,fortran,objc,obj-c++,go --prefix=/usr --program-suffix=-4.6 --enable-shared --enable-linker-build-id --with-system-zlib --libexecdir=/usr/lib --without-included-gettext --enable-threads=posix --with-gxx-include-dir=/usr/include/c++/4.6 --libdir=/usr/lib --enable-nls --with-sysroot=/ --enable-clocale=gnu --enable-libstdcxx-debug --enable-libstdcxx-time=yes --enable-plugin --enable-objc-gc --enable-targets=all --disable-werror --with-arch-32=i686 --with-tune=generic --enable-checking=release --build=i686-linux-gnu --host=i686-linux-gnu --target=i686-linux-gnu
Thread model: posix
gcc version 4.6.1 (Ubuntu/Linaro 4.6.1-9ubuntu3) 
configure:3864: $? = 0
configure:3853: g++ -V >&5
g++: error: unrecognized option '-V'
g++: fatal error: no input files
compilation terminated.
configure:3864: $? = 4
configure:3853: g++ -qversion >&5
g++: error: unrecognized option '-qversion'
g++: fatal error: no input files
compilation terminated.
configure:3864: $? = 4
configure:3868: checking whether we are using the GNU C++ compiler
configure:3887: g++ -c   conftest.cpp >&5
configure:3887: $? = 0
configure:3896: result: yes
configure:3905: checking whether g++ accepts -g
configure:3925: g++ -c -g  conftest.cpp >&5
configure:3925: $? = 0
configure:3966: result: yes
configure:3991: checking dependency style of g++
configure:4101: result: gcc3
configure:4124: checking whether to make debug objects
configure:4144: result:  'CFLAGS=-g -O2'
configure:4157: checking for optimiztion level
configure:4176: result:  'CFLAGS=-g -O'
configure:4183: checking for isxdigit
configure:4183: gcc -o conftest -g -O   conftest.c  >&5
conftest.c:34:6: warning: conflicting types for built-in function 'isxdigit' [enabled by default]
configure:4183: $? = 0
configure:4183: result: yes
configure:4197: checking how to run the C preprocessor
configure:4228: gcc -E  conftest.c
configure:4228: $? = 0
configure:4242: gcc -E  conftest.c
conftest.c:12:28: fatal error: ac_nonexistent.h: No such file or directory
compilation terminated.
configure:4242: $? = 1
configure: failed program was:
| /* confdefs.h */
| #define PACKAGE_NAME "Readline--"
| #define PACKAGE_TARNAME "rlmm"
| #define PACKAGE_VERSION "2.0.9"
| #define PACKAGE_STRING "Readline-- 2.0.9"
| #define PACKAGE_BUGREPORT "cholm@nbi.dk"
| #define PACKAGE_URL ""
| #define PACKAGE "rlmm"
| #define VERSION "2.0.9"
| #define HAVE_ISXDIGIT 1
| /* end confdefs.h.  */
| #include <ac_nonexistent.h>
configure:4267: result: gcc -E
configure:4287: gcc -E  conftest.c
configure:4287: $? = 0
configure:4301: gcc -E  conftest.c
conftest.c:12:28: fatal error: ac_nonexistent.h: No such file or directory
compilation terminated.
configure:4301: $? = 1
configure: failed program was:
| /* confdefs.h */
| #define PACKAGE_NAME "Readline--"
| #define PACKAGE_TARNAME "rlmm"
| #define PACKAGE_VERSION "2.0.9"
| #define PACKAGE_STRING "Readline-- 2.0.9"
| #define PACKAGE_BUGREPORT "cholm@nbi.dk"
| #define PACKAGE_URL ""
| #define PACKAGE "rlmm"
| #define VERSION "2.0.9"
| #define HAVE_ISXDIGIT 1
| /* end confdefs.h.  */
| #include <ac_nonexistent.h>
configure:4330: checking for grep that handles long lines and -e
configure:4388: result: /bin/grep
configure:4393: checking for egrep
configure:4455: result: /bin/grep -E
configure:4460: checking for ANSI C header files
configure:4480: gcc -c -g -O  conftest.c >&5
configure:4480: $? = 0
configure:4553: gcc -o conftest -g -O   conftest.c  >&5
configure:4553: $? = 0
configure:4553: ./conftest
configure:4553: $? = 0
configure:4564: result: yes
configure:4577: checking for sys/types.h
configure:4577: gcc -c -g -O  conftest.c >&5
configure:4577: $? = 0
configure:4577: result: yes
configure:4577: checking for sys/stat.h
configure:4577: gcc -c -g -O  conftest.c >&5
configure:4577: $? = 0
configure:4577: result: yes
configure:4577: checking for stdlib.h
configure:4577: gcc -c -g -O  conftest.c >&5
configure:4577: $? = 0
configure:4577: result: yes
configure:4577: checking for string.h
configure:4577: gcc -c -g -O  conftest.c >&5
configure:4577: $? = 0
configure:4577: result: yes
configure:4577: checking for memory.h
configure:4577: gcc -c -g -O  conftest.c >&5
configure:4577: $? = 0
configure:4577: result: yes
configure:4577: checking for strings.h
configure:4577: gcc -c -g -O  conftest.c >&5
configure:4577: $? = 0
configure:4577: result: yes
configure:4577: checking for inttypes.h
configure:4577: gcc -c -g -O  conftest.c >&5
configure:4577: $? = 0
configure:4577: result: yes
configure:4577: checking for stdint.h
configure:4577: gcc -c -g -O  conftest.c >&5
configure:4577: $? = 0
configure:4577: result: yes
configure:4577: checking for unistd.h
configure:4577: gcc -c -g -O  conftest.c >&5
configure:4577: $? = 0
configure:4577: result: yes
configure:4591: checking for unistd.h
configure:4591: result: yes
configure:4742: checking readline/readline.h usability
configure:4742: gcc -c -g -O  conftest.c >&5
configure:4742: $? = 0
configure:4742: result: yes
configure:4742: checking readline/readline.h presence
configure:4742: gcc -E  conftest.c
configure:4742: $? = 0
configure:4742: result: yes
configure:4742: checking for readline/readline.h
configure:4742: result: yes
configure:4742: checking readline/history.h usability
configure:4742: gcc -c -g -O  conftest.c >&5
configure:4742: $? = 0
configure:4742: result: yes
configure:4742: checking readline/history.h presence
configure:4742: gcc -E  conftest.c
configure:4742: $? = 0
configure:4742: result: yes
configure:4742: checking for readline/history.h
configure:4742: result: yes
configure:4754: checking for readline in -lreadline
configure:4779: gcc -o conftest -g -O   conftest.c -lreadline   >&5
configure:4779: $? = 0
configure:4788: result: yes
configure:4801: checking for using_history in -lhistory
configure:4826: gcc -o conftest -g -O   conftest.c -lhistory  -lreadline  >&5
configure:4826: $? = 0
configure:4835: result: yes
configure:4857: checking for HIST_ENTRY.timestamp
configure:4857: gcc -c -g -O  conftest.c >&5
configure:4857: $? = 0
configure:4857: result: yes
configure:4875: checking whether std::string has member function copy
configure:4891: g++ -c -g -O  conftest.cpp >&5
configure:4891: $? = 0
configure:4897: result: yes
configure:4914: checking for perl
configure:4932: found /usr/bin/perl
configure:4944: result: /usr/bin/perl
configure:4954: checking for doxygen
configure:4972: found /usr/bin/doxygen
configure:4984: result: /usr/bin/doxygen
configure:5005: checking for dot
configure:5023: found /usr/bin/dot
configure:5035: result: /usr/bin/dot
configure:5191: creating ./config.status

## ---------------- ##
## Cache variables. ##
## ---------------- ##

ac_cv_c_compiler_gnu=yes
ac_cv_cxx_compiler_gnu=yes
ac_cv_env_CCC_set=
ac_cv_env_CCC_value=
ac_cv_env_CC_set=
ac_cv_env_CC_value=
ac_cv_env_CFLAGS_set=
ac_cv_env_CFLAGS_value=
ac_cv_env_CPPFLAGS_set=
ac_cv_env_CPPFLAGS_value=
ac_cv_env_CPP_set=
ac_cv_env_CPP_value=
ac_cv_env_CXXFLAGS_set=
ac_cv_env_CXXFLAGS_value=
ac_cv_env_CXX_set=
ac_cv_env_CXX_value=
ac_cv_env_LDFLAGS_set=
ac_cv_env_LDFLAGS_value=
ac_cv_env_LIBS_set=
ac_cv_env_LIBS_value=
ac_cv_env_build_alias_set=
ac_cv_env_build_alias_value=
ac_cv_env_host_alias_set=
ac_cv_env_host_alias_value=
ac_cv_env_target_alias_set=
ac_cv_env_target_alias_value=
ac_cv_func_isxdigit=yes
ac_cv_header_inttypes_h=yes
ac_cv_header_memory_h=yes
ac_cv_header_readline_history_h=yes
ac_cv_header_readline_readline_h=yes
ac_cv_header_stdc=yes
ac_cv_header_stdint_h=yes
ac_cv_header_stdlib_h=yes
ac_cv_header_string_h=yes
ac_cv_header_strings_h=yes
ac_cv_header_sys_stat_h=yes
ac_cv_header_sys_types_h=yes
ac_cv_header_unistd_h=yes
ac_cv_lib_history_using_history=yes
ac_cv_lib_readline_readline=yes
ac_cv_member_HIST_ENTRY_timestamp=yes
ac_cv_objext=o
ac_cv_path_DOT=/usr/bin/dot
ac_cv_path_DOXYGEN=/usr/bin/doxygen
ac_cv_path_EGREP='/bin/grep -E'
ac_cv_path_GREP=/bin/grep
ac_cv_path_PERL=/usr/bin/perl
ac_cv_path_install='/usr/bin/install -c'
ac_cv_path_mkdir=/bin/mkdir
ac_cv_prog_AWK=gawk
ac_cv_prog_CPP='gcc -E'
ac_cv_prog_ac_ct_CC=gcc
ac_cv_prog_ac_ct_CXX=g++
ac_cv_prog_cc_c89=
ac_cv_prog_cc_g=yes
ac_cv_prog_cxx_g=yes
ac_cv_prog_make_make_set=yes
am_cv_CC_dependencies_compiler_type=gcc3
am_cv_CXX_dependencies_compiler_type=gcc3

## ----------------- ##
## Output variables. ##
## ----------------- ##

ACLOCAL='${SHELL} /home/francesco/upload/sas_gtb/UI/config/missing --run aclocal-1.11'
AMDEPBACKSLASH='\'
AMDEP_FALSE='#'
AMDEP_TRUE=''
AMTAR='${SHELL} /home/francesco/upload/sas_gtb/UI/config/missing --run tar'
AUTOCONF='${SHELL} /home/francesco/upload/sas_gtb/UI/config/missing --run autoconf'
AUTOHEADER='${SHELL} /home/francesco/upload/sas_gtb/UI/config/missing --run autoheader'
AUTOMAKE='${SHELL} /home/francesco/upload/sas_gtb/UI/config/missing --run automake-1.11'
AWK='gawk'
CC='gcc'
CCDEPMODE='depmode=gcc3'
CFLAGS='-g -O'
CPP='gcc -E'
CPPFLAGS=''
CXX='g++'
CXXDEPMODE='depmode=gcc3'
CXXFLAGS='-g -O'
CYGPATH_W='echo'
DEFS='-DHAVE_CONFIG_H'
DEPDIR='.deps'
DOT='/usr/bin/dot'
DOT_PATH='/usr/bin'
DOXYGEN='/usr/bin/doxygen'
ECHO_C=''
ECHO_N='-n'
ECHO_T=''
EGREP='/bin/grep -E'
EXEEXT=''
EXTRA_LIBS=''
GREP='/bin/grep'
HAVE_DOT='YES'
HAVE_DOXYGEN_FALSE='#'
HAVE_DOXYGEN_TRUE=''
INSTALL_DATA='${INSTALL} -m 644'
INSTALL_PROGRAM='${INSTALL}'
INSTALL_SCRIPT='${INSTALL}'
INSTALL_STRIP_PROGRAM='$(install_sh) -c -s'
LDFLAGS=''
LIBOBJS=''
LIBS='-lhistory -lreadline '
LTLIBOBJS=''
MAKEINFO='${SHELL} /home/francesco/upload/sas_gtb/UI/config/missing --run makeinfo'
MKDIR_P='/bin/mkdir -p'
OBJEXT='o'
PACKAGE='rlmm'
PACKAGE_BUGREPORT='cholm@nbi.dk'
PACKAGE_NAME='Readline--'
PACKAGE_STRING='Readline-- 2.0.9'
PACKAGE_TARNAME='rlmm'
PACKAGE_URL=''
PACKAGE_VERSION='2.0.9'
PATH_SEPARATOR=':'
PERL='/usr/bin/perl'
SET_MAKE=''
SHELL='/bin/bash'
STRIP=''
VERSION='2.0.9'
ac_ct_CC='gcc'
ac_ct_CXX='g++'
am__EXEEXT_FALSE=''
am__EXEEXT_TRUE='#'
am__fastdepCC_FALSE='#'
am__fastdepCC_TRUE=''
am__fastdepCXX_FALSE='#'
am__fastdepCXX_TRUE=''
am__include='include'
am__isrc=''
am__leading_dot='.'
am__quote=''
am__tar='${AMTAR} chof - "$$tardir"'
am__untar='${AMTAR} xf -'
bindir='${exec_prefix}/bin'
build_alias=''
datadir='${datarootdir}'
datarootdir='${prefix}/share'
docdir='${datarootdir}/doc/${PACKAGE_TARNAME}'
dvidir='${docdir}'
exec_prefix='${prefix}'
host_alias=''
htmldir='${docdir}'
includedir='${prefix}/include'
infodir='${datarootdir}/info'
install_sh='${SHELL} /home/francesco/upload/sas_gtb/UI/config/install-sh'
libdir='${exec_prefix}/lib'
libexecdir='${exec_prefix}/libexec'
localedir='${datarootdir}/locale'
localstatedir='${prefix}/var'
mandir='${datarootdir}/man'
mkdir_p='/bin/mkdir -p'
oldincludedir='/usr/include'
pdfdir='${docdir}'
prefix='/usr/local'
program_transform_name='s,x,x,'
psdir='${docdir}'
sbindir='${exec_prefix}/sbin'
sharedstatedir='${prefix}/com'
sysconfdir='${prefix}/etc'
target_alias=''

## ----------- ##
## confdefs.h. ##
## ----------- ##

/* confdefs.h */
#define PACKAGE_NAME "Readline--"
#define PACKAGE_TARNAME "rlmm"
#define PACKAGE_VERSION "2.0.9"
#define PACKAGE_STRING "Readline-- 2.0.9"
#define PACKAGE_BUGREPORT "cholm@nbi.dk"
#define PACKAGE_URL ""
#define PACKAGE "rlmm"
#define VERSION "2.0.9"
#define HAVE_ISXDIGIT 1
#define STDC_HEADERS 1
#define HAVE_SYS_TYPES_H 1
#define HAVE_SYS_STAT_H 1
#define HAVE_STDLIB_H 1
#define HAVE_STRING_H 1
#define HAVE_MEMORY_H 1
#define HAVE_STRINGS_H 1
#define HAVE_INTTYPES_H 1
#define HAVE_STDINT_H 1
#define HAVE_UNISTD_H 1
#define HAVE_UNISTD_H 1
#define HAVE_READLINE_READLINE_H 1
#define HAVE_READLINE_HISTORY_H 1
#define HAVE_LIBREADLINE 1
#define HAVE_LIBHISTORY 1
#define HAVE_HIST_ENTRY_TIMESTAMP 1
#define HAVE_STRING_COPY 1

configure: exit 0

## ---------------------- ##
## Running config.status. ##
## ---------------------- ##

This file was extended by Readline-- config.status 2.0.9, which was
generated by GNU Autoconf 2.68.  Invocation command line was

  CONFIG_FILES    = 
  CONFIG_HEADERS  = 
  CONFIG_LINKS    = 
  CONFIG_COMMANDS = 
  $ ./config.status 

on nibbio

config.status:889: creating Makefile
config.status:889: creating rlmm.spec
config.status:889: creating rlmm/Makefile
config.status:889: creating support/rlmm-config
config.status:889: creating support/Makefile
config.status:889: creating doc/header.html
config.status:889: creating doc/doxyconfig
config.status:889: creating doc/Makefile
config.status:889: creating tests/Makefile
config.status:889: creating config/config.hh
config.status:1118: executing depfiles commands
